#
# A fatal error has been detected by the Java Runtime Environment:
#
#  EXCEPTION_ACCESS_VIOLATION (0xc0000005) at pc=0x0000000065a78845, pid=7700, tid=6024
#
# JRE version: Java(TM) SE Runtime Environment (8.0_60-b27) (build 1.8.0_60-b27)
# Java VM: Java HotSpot(TM) 64-Bit Server VM (25.60-b23 mixed mode windows-amd64 compressed oops)
# Problematic frame:
# V  [jvm.dll+0x128845]
#
# Failed to write core dump. Minidumps are not enabled by default on client versions of Windows
#
# If you would like to submit a bug report, please visit:
#   http://bugreport.java.com/bugreport/crash.jsp
#

---------------  T H R E A D  ---------------

Current thread (0x0000000014e9e000):  JavaThread "JDWP Transport Listener: dt_socket" daemon [_thread_in_vm, id=6024, stack(0x00000000167f0000,0x00000000168f0000)]

siginfo: ExceptionCode=0xc0000005, reading address 0xffffffffffffffff

Registers:
RAX=0x00000000168ef101, RBX=0x0000000014e9e000, RCX=0x43646c6f486c6163, RDX=0x0000000000000000
RSP=0x00000000168ef0e0, RBP=0x43646c6f486c6163, RSI=0x00000000168ef1f8, RDI=0x00000000025d8050
R8 =0x0000000014e9e000, R9 =0x0000000000008000, R10=0x0000000000000000, R11=0x0000000016d92984
R12=0x0000000000000000, R13=0x0000000014e9ee48, R14=0x0000000000000000, R15=0x0000000000000000
RIP=0x0000000065a78845, EFLAGS=0x0000000000010206

Top of Stack: (sp=0x00000000168ef0e0)
0x00000000168ef0e0:   0000000014e9e000 0000000014e9e000
0x00000000168ef0f0:   00000000168ef1a8 0000000065c7e18b
0x00000000168ef100:   0000000014e9e000 0000000065c9a9ed
0x00000000168ef110:   0000000000000000 0000000066e99155
0x00000000168ef120:   0000000016c393c8 0000000066ea291e
0x00000000168ef130:   0000000014e9e000 0000000000000000
0x00000000168ef140:   0000000000000000 0000000000000000
0x00000000168ef150:   43646c6f486c6163 0000000066ea1a15
0x00000000168ef160:   00000000168ef1f8 00000000168ef1d0
0x00000000168ef170:   0000000000000001 0000000016c393c8
0x00000000168ef180:   43646c6f486c6163 0000000066e853b3
0x00000000168ef190:   00000000168ef2c0 0000000000000001
0x00000000168ef1a0:   0000000000000001 0000000016c393c8
0x00000000168ef1b0:   0000000000000002 0000000000000000
0x00000000168ef1c0:   0000000000000000 0000000000000000
0x00000000168ef1d0:   0000000000000001 0000000066e85571 

Instructions: (pc=0x0000000065a78845)
0x0000000065a78825:   cc cc cc cc cc cc cc cc cc cc cc 48 83 ec 28 48
0x0000000065a78835:   85 c9 75 07 33 c0 48 83 c4 28 c3 48 89 5c 24 20
0x0000000065a78845:   48 8b 19 48 85 db 74 20 48 83 fb 37 74 1a 48 8b
0x0000000065a78855:   13 48 8b cb ff 52 10 84 c0 74 0d 48 8b c3 48 8b 


Register to memory mapping:

RAX=0x00000000168ef101 is pointing into the stack for thread: 0x0000000014e9e000
RBX=0x0000000014e9e000 is a thread
RCX=0x43646c6f486c6163 is an unknown value
RDX=0x0000000000000000 is an unknown value
RSP=0x00000000168ef0e0 is pointing into the stack for thread: 0x0000000014e9e000
RBP=0x43646c6f486c6163 is an unknown value
RSI=0x00000000168ef1f8 is pointing into the stack for thread: 0x0000000014e9e000
RDI=0x00000000025d8050 is an unknown value
R8 =0x0000000014e9e000 is a thread
R9 =0x0000000000008000 is an unknown value
R10=0x0000000000000000 is an unknown value
R11=0x0000000016d92984 is an unknown value
R12=0x0000000000000000 is an unknown value
R13=0x0000000014e9ee48 is an unknown value
R14=0x0000000000000000 is an unknown value
R15=0x0000000000000000 is an unknown value


Stack: [0x00000000167f0000,0x00000000168f0000],  sp=0x00000000168ef0e0,  free space=1020k
Native frames: (J=compiled Java code, j=interpreted, Vv=VM code, C=native code)
V  [jvm.dll+0x128845]
V  [jvm.dll+0x34a9ed]
C  [jdwp.dll+0x21a15]
C  [jdwp.dll+0x53b3]
C  [jdwp.dll+0x5571]
C  [jdwp.dll+0xf0a8]
C  [jdwp.dll+0x1f2d5]
C  [jdwp.dll+0x1f4aa]
V  [jvm.dll+0x1bb8e8]
V  [jvm.dll+0x243134]
V  [jvm.dll+0x299f6a]
C  [msvcr100.dll+0x21d9f]
C  [msvcr100.dll+0x21e3b]
C  [KERNEL32.DLL+0x13d2]
C  [ntdll.dll+0x154e4]


---------------  P R O C E S S  ---------------

Java Threads: ( => current thread )
  0x0000000017aa8000 JavaThread "TimerQueue" daemon [_thread_blocked, id=7476, stack(0x0000000019520000,0x0000000019620000)]
  0x00000000025dd800 JavaThread "DestroyJavaVM" [_thread_blocked, id=1512, stack(0x00000000026b0000,0x00000000027b0000)]
  0x0000000016fae800 JavaThread "AWT-EventQueue-0" [_thread_blocked, id=5748, stack(0x0000000018b20000,0x0000000018c20000)]
  0x0000000017a23000 JavaThread "AWT-Windows" daemon [_thread_in_native, id=5220, stack(0x00000000182e0000,0x00000000183e0000)]
  0x0000000017a22800 JavaThread "AWT-Shutdown" [_thread_blocked, id=4232, stack(0x00000000181e0000,0x00000000182e0000)]
  0x0000000016fd2800 JavaThread "Java2D Disposer" daemon [_thread_blocked, id=5912, stack(0x00000000178e0000,0x00000000179e0000)]
  0x0000000016ca2800 JavaThread "Thread-0" [_thread_blocked, id=6488, stack(0x00000000173f0000,0x00000000174f0000)]
  0x0000000016c36000 JavaThread "Service Thread" daemon [_thread_blocked, id=8056, stack(0x00000000171f0000,0x00000000172f0000)]
  0x0000000014ee9000 JavaThread "C1 CompilerThread2" daemon [_thread_blocked, id=1192, stack(0x00000000170f0000,0x00000000171f0000)]
  0x0000000016c00800 JavaThread "C2 CompilerThread1" daemon [_thread_blocked, id=4060, stack(0x0000000016ff0000,0x00000000170f0000)]
  0x0000000014eb2800 JavaThread "C2 CompilerThread0" daemon [_thread_blocked, id=3996, stack(0x0000000016af0000,0x0000000016bf0000)]
  0x0000000014ea6000 JavaThread "JDWP Command Reader" daemon [_thread_in_native, id=5444, stack(0x00000000169f0000,0x0000000016af0000)]
  0x0000000014ea2800 JavaThread "JDWP Event Helper Thread" daemon [_thread_blocked, id=9912, stack(0x00000000168f0000,0x00000000169f0000)]
=>0x0000000014e9e000 JavaThread "JDWP Transport Listener: dt_socket" daemon [_thread_in_vm, id=6024, stack(0x00000000167f0000,0x00000000168f0000)]
  0x0000000014e8c800 JavaThread "Attach Listener" daemon [_thread_blocked, id=2952, stack(0x0000000016410000,0x0000000016510000)]
  0x0000000014e8b800 JavaThread "Signal Dispatcher" daemon [_thread_blocked, id=10056, stack(0x0000000016310000,0x0000000016410000)]
  0x00000000028a7800 JavaThread "Finalizer" daemon [_thread_blocked, id=7372, stack(0x0000000016100000,0x0000000016200000)]
  0x000000000289f000 JavaThread "Reference Handler" daemon [_thread_blocked, id=7336, stack(0x0000000016000000,0x0000000016100000)]

Other Threads:
  0x0000000014e58000 VMThread [stack: 0x0000000015f00000,0x0000000016000000] [id=5108]
  0x0000000016c3b000 WatcherThread [stack: 0x00000000172f0000,0x00000000173f0000] [id=2092]

VM state:not at safepoint (normal execution)

VM Mutex/Monitor currently owned by a thread: None

Heap:
 PSYoungGen      total 18944K, used 10541K [0x00000000eb380000, 0x00000000ec880000, 0x0000000100000000)
  eden space 16384K, 64% used [0x00000000eb380000,0x00000000ebdcb770,0x00000000ec380000)
  from space 2560K, 0% used [0x00000000ec600000,0x00000000ec600000,0x00000000ec880000)
  to   space 2560K, 0% used [0x00000000ec380000,0x00000000ec380000,0x00000000ec600000)
 ParOldGen       total 44032K, used 0K [0x00000000c1a00000, 0x00000000c4500000, 0x00000000eb380000)
  object space 44032K, 0% used [0x00000000c1a00000,0x00000000c1a00000,0x00000000c4500000)
 Metaspace       used 13241K, capacity 13424K, committed 13696K, reserved 1060864K
  class space    used 1787K, capacity 1848K, committed 1920K, reserved 1048576K

Card table byte_map: [0x0000000011c70000,0x0000000011e70000] byte_map_base: 0x0000000011663000

Marking Bits: (ParMarkBitMap*) 0x000000006615a5b0
 Begin Bits: [0x00000000123c0000, 0x0000000013358000)
 End Bits:   [0x0000000013358000, 0x00000000142f0000)

Polling page: 0x00000000025a0000

CodeCache: size=245760Kb used=2632Kb max_used=2632Kb free=243127Kb
 bounds [0x00000000028b0000, 0x0000000002b50000, 0x00000000118b0000]
 total_blobs=1219 nmethods=716 adapters=425
 compilation: enabled

Compilation events (10 events):
Event: 5.256 Thread 0x0000000014ee9000  713  s    3       java.awt.Toolkit::getDefaultToolkit (24 bytes)
Event: 5.258 Thread 0x0000000014ee9000 nmethod 713 0x0000000002b3c6d0 code [0x0000000002b3c860, 0x0000000002b3ccb8]
Event: 5.259 Thread 0x0000000014ee9000  714       3       java.awt.Component::isShowing (38 bytes)
Event: 5.261 Thread 0x0000000014ee9000 nmethod 714 0x0000000002b3c150 code [0x0000000002b3c2c0, 0x0000000002b3c608]
Event: 5.261 Thread 0x0000000014ee9000  715       3       sun.java2d.SunGraphics2D::dispose (12 bytes)
Event: 5.262 Thread 0x0000000014ee9000 nmethod 715 0x0000000002b421d0 code [0x0000000002b42340, 0x0000000002b42568]
Event: 5.268 Thread 0x0000000014ee9000  716       1       sun.java2d.pipe.AlphaPaintPipe::needTile (2 bytes)
Event: 5.269 Thread 0x0000000014ee9000 nmethod 716 0x0000000002b42610 code [0x0000000002b42760, 0x0000000002b42870]
Event: 5.270 Thread 0x0000000014ee9000  717       3       sun.awt.SunHints$Key::getIndex (5 bytes)
Event: 5.271 Thread 0x0000000014ee9000 nmethod 717 0x0000000002b428d0 code [0x0000000002b42a20, 0x0000000002b42c10]

GC Heap History (0 events):
No events

Deoptimization events (8 events):
Event: 0.670 Thread 0x00000000025dd800 Uncommon trap: reason=null_check action=make_not_entrant pc=0x0000000002a25b54 method=java.lang.String.equals(Ljava/lang/Object;)Z @ 8
Event: 0.977 Thread 0x0000000016fae800 Uncommon trap: reason=class_check action=maybe_recompile pc=0x0000000002a3f00c method=java.lang.String.equals(Ljava/lang/Object;)Z @ 8
Event: 0.977 Thread 0x0000000016fae800 Uncommon trap: reason=class_check action=maybe_recompile pc=0x0000000002a3f00c method=java.lang.String.equals(Ljava/lang/Object;)Z @ 8
Event: 0.977 Thread 0x0000000016fae800 Uncommon trap: reason=class_check action=maybe_recompile pc=0x0000000002a3f00c method=java.lang.String.equals(Ljava/lang/Object;)Z @ 8
Event: 0.977 Thread 0x0000000016fae800 Uncommon trap: reason=class_check action=maybe_recompile pc=0x0000000002a3f00c method=java.lang.String.equals(Ljava/lang/Object;)Z @ 8
Event: 1.150 Thread 0x0000000017a23000 Uncommon trap: reason=unstable_if action=reinterpret pc=0x0000000002abcdac method=java.util.HashMap.putVal(ILjava/lang/Object;Ljava/lang/Object;ZZ)Ljava/lang/Object; @ 206
Event: 1.151 Thread 0x0000000017a23000 Uncommon trap: reason=unstable_if action=reinterpret pc=0x0000000002aa9d38 method=java.util.HashMap.putVal(ILjava/lang/Object;Ljava/lang/Object;ZZ)Ljava/lang/Object; @ 206
Event: 1.440 Thread 0x0000000016fae800 Uncommon trap: reason=unstable_if action=reinterpret pc=0x0000000002b056d4 method=java.awt.MultipleGradientPaintContext.indexIntoGradientsArrays(F)I @ 24

Internal exceptions (10 events):
Event: 0.803 Thread 0x00000000025dd800 Exception <a 'java/lang/ClassNotFoundException': ToolTip> (0x00000000eb7e8128) thrown at [C:\re\workspace\8-2-build-windows-amd64-cygwin\jdk8u60\4407\hotspot\src\share\vm\classfile\systemDictionary.cpp, line 210]
Event: 0.806 Thread 0x00000000025dd800 Exception <a 'java/lang/ClassNotFoundException': Tree> (0x00000000eb7e8d48) thrown at [C:\re\workspace\8-2-build-windows-amd64-cygwin\jdk8u60\4407\hotspot\src\share\vm\classfile\systemDictionary.cpp, line 210]
Event: 0.806 Thread 0x00000000025dd800 Exception <a 'java/lang/ClassNotFoundException': Tree> (0x00000000eb7e9488) thrown at [C:\re\workspace\8-2-build-windows-amd64-cygwin\jdk8u60\4407\hotspot\src\share\vm\classfile\systemDictionary.cpp, line 210]
Event: 0.806 Thread 0x00000000025dd800 Exception <a 'java/lang/ClassNotFoundException': javax/swing/JTreeCell> (0x00000000eb7e9808) thrown at [C:\re\workspace\8-2-build-windows-amd64-cygwin\jdk8u60\4407\hotspot\src\share\vm\classfile\systemDictionary.cpp, line 210]
Event: 0.806 Thread 0x00000000025dd800 Exception <a 'java/lang/ClassNotFoundException': TreeCell> (0x00000000eb7e9c90) thrown at [C:\re\workspace\8-2-build-windows-amd64-cygwin\jdk8u60\4407\hotspot\src\share\vm\classfile\systemDictionary.cpp, line 210]
Event: 0.807 Thread 0x00000000025dd800 Exception <a 'java/lang/ClassNotFoundException': RootPane> (0x00000000eb7ea6f0) thrown at [C:\re\workspace\8-2-build-windows-amd64-cygwin\jdk8u60\4407\hotspot\src\share\vm\classfile\systemDictionary.cpp, line 210]
Event: 1.320 Thread 0x0000000016fae800 Exception <a 'sun/nio/fs/WindowsException'> (0x00000000ebac5280) thrown at [C:\re\workspace\8-2-build-windows-amd64-cygwin\jdk8u60\4407\hotspot\src\share\vm\prims\jni.cpp, line 709]
Event: 1.321 Thread 0x0000000016fae800 Exception <a 'sun/nio/fs/WindowsException'> (0x00000000ebac5a48) thrown at [C:\re\workspace\8-2-build-windows-amd64-cygwin\jdk8u60\4407\hotspot\src\share\vm\prims\jni.cpp, line 709]
Event: 196.300 Thread 0x0000000016ca2800 Exception <a 'sun/net/ConnectionResetException': > (0x00000000eb519cb8) thrown at [C:\re\workspace\8-2-build-windows-amd64-cygwin\jdk8u60\4407\hotspot\src\share\vm\prims\jni.cpp, line 735]
Event: 196.300 Thread 0x0000000016ca2800 Exception <a 'sun/net/ConnectionResetException': > (0x00000000eb519ee8) thrown at [C:\re\workspace\8-2-build-windows-amd64-cygwin\jdk8u60\4407\hotspot\src\share\vm\prims\jni.cpp, line 735]

Events (10 events):
Event: 17.381 Executing VM operation: ChangeBreakpoints
Event: 17.381 Executing VM operation: ChangeBreakpoints done
Event: 71.623 Executing VM operation: ChangeBreakpoints
Event: 71.623 Executing VM operation: ChangeBreakpoints done
Event: 193.555 Executing VM operation: RedefineClasses
Event: 193.564 Executing VM operation: RedefineClasses done
Event: 196.299 loading class sun/net/ConnectionResetException
Event: 196.299 loading class java/net/SocketException
Event: 196.300 loading class java/net/SocketException done
Event: 196.300 loading class sun/net/ConnectionResetException done


Dynamic libraries:
0x00007ff6d27a0000 - 0x00007ff6d27d7000 	C:\Program Files\Java\jre1.8.0_60\bin\javaw.exe
0x00007ffd2ecb0000 - 0x00007ffd2ee5d000 	C:\Windows\SYSTEM32\ntdll.dll
0x00007ffd2c400000 - 0x00007ffd2c53e000 	C:\Windows\system32\KERNEL32.DLL
0x00007ffd2c1f0000 - 0x00007ffd2c305000 	C:\Windows\system32\KERNELBASE.dll
0x00007ffd2a9b0000 - 0x00007ffd2aa3e000 	C:\Windows\system32\apphelp.dll
0x00007ffd121f0000 - 0x00007ffd12243000 	C:\Windows\AppPatch\AppPatch64\AcGenral.DLL
0x00007ffd2eb30000 - 0x00007ffd2ebda000 	C:\Windows\system32\msvcrt.dll
0x00007ffd2c310000 - 0x00007ffd2c33e000 	C:\Windows\system32\SspiCli.dll
0x00007ffd2c550000 - 0x00007ffd2c5a4000 	C:\Windows\system32\SHLWAPI.dll
0x00007ffd2c9a0000 - 0x00007ffd2cb17000 	C:\Windows\system32\USER32.dll
0x00007ffd2cb80000 - 0x00007ffd2cd14000 	C:\Windows\system32\ole32.dll
0x00007ffd2d600000 - 0x00007ffd2eb2a000 	C:\Windows\system32\SHELL32.dll
0x00007ffd2b410000 - 0x00007ffd2b431000 	C:\Windows\SYSTEM32\USERENV.dll
0x00007ffd2cf60000 - 0x00007ffd2d00a000 	C:\Windows\system32\ADVAPI32.dll
0x00007ffd27430000 - 0x00007ffd2744e000 	C:\Windows\SYSTEM32\MPR.dll
0x00007ffd2c6b0000 - 0x00007ffd2c7f0000 	C:\Windows\system32\RPCRT4.dll
0x00007ffd2cf00000 - 0x00007ffd2cf59000 	C:\Windows\SYSTEM32\sechost.dll
0x00007ffd2d3e0000 - 0x00007ffd2d5f1000 	C:\Windows\SYSTEM32\combase.dll
0x00007ffd2d070000 - 0x00007ffd2d1bf000 	C:\Windows\system32\GDI32.dll
0x00007ffd2bde0000 - 0x00007ffd2bdf5000 	C:\Windows\SYSTEM32\profapi.dll
0x00007ffd2a110000 - 0x00007ffd2a1c2000 	C:\Windows\SYSTEM32\SHCORE.dll
0x00007ffd2c5e0000 - 0x00007ffd2c616000 	C:\Windows\system32\IMM32.DLL
0x00007ffd2d1c0000 - 0x00007ffd2d312000 	C:\Windows\system32\MSCTF.dll
0x00007ffd29820000 - 0x00007ffd29a9b000 	C:\Windows\WinSxS\amd64_microsoft.windows.common-controls_6595b64144ccf1df_6.0.9600.18006_none_623f33d3ecbe86e8\COMCTL32.dll
0x00000000674b0000 - 0x0000000067582000 	C:\Program Files\Java\jre1.8.0_60\bin\msvcr100.dll
0x0000000065950000 - 0x00000000661d9000 	C:\Program Files\Java\jre1.8.0_60\bin\server\jvm.dll
0x00007ffd29f30000 - 0x00007ffd29f39000 	C:\Windows\SYSTEM32\WSOCK32.dll
0x00007ffd25910000 - 0x00007ffd25932000 	C:\Windows\SYSTEM32\WINMM.dll
0x00007ffd24f40000 - 0x00007ffd24f4a000 	C:\Windows\SYSTEM32\VERSION.dll
0x00007ffd2c690000 - 0x00007ffd2c697000 	C:\Windows\system32\PSAPI.DLL
0x00007ffd2cb20000 - 0x00007ffd2cb7a000 	C:\Windows\system32\WS2_32.dll
0x00007ffd258e0000 - 0x00007ffd2590a000 	C:\Windows\SYSTEM32\WINMMBASE.dll
0x00007ffd2c6a0000 - 0x00007ffd2c6a9000 	C:\Windows\system32\NSI.dll
0x00007ffd2c1a0000 - 0x00007ffd2c1ef000 	C:\Windows\SYSTEM32\cfgmgr32.dll
0x00007ffd2ac10000 - 0x00007ffd2ac38000 	C:\Windows\SYSTEM32\DEVOBJ.dll
0x0000000066f80000 - 0x0000000066f8f000 	C:\Program Files\Java\jre1.8.0_60\bin\verify.dll
0x0000000066f50000 - 0x0000000066f79000 	C:\Program Files\Java\jre1.8.0_60\bin\java.dll
0x0000000066e80000 - 0x0000000066eb5000 	C:\Program Files\Java\jre1.8.0_60\bin\jdwp.dll
0x0000000066e70000 - 0x0000000066e78000 	C:\Program Files\Java\jre1.8.0_60\bin\npt.dll
0x0000000066f30000 - 0x0000000066f46000 	C:\Program Files\Java\jre1.8.0_60\bin\zip.dll
0x0000000066e60000 - 0x0000000066e69000 	C:\Program Files\Java\jre1.8.0_60\bin\dt_socket.dll
0x00007ffd21bf0000 - 0x00007ffd21c05000 	C:\Windows\system32\napinsp.dll
0x00007ffd21c10000 - 0x00007ffd21c2a000 	C:\Windows\system32\pnrpnsp.dll
0x00007ffd26ba0000 - 0x00007ffd26bbb000 	C:\Windows\system32\NLAapi.dll
0x00007ffd2b6f0000 - 0x00007ffd2b749000 	C:\Windows\System32\mswsock.dll
0x00007ffd2b4a0000 - 0x00007ffd2b544000 	C:\Windows\SYSTEM32\DNSAPI.dll
0x00007ffd21c30000 - 0x00007ffd21c3d000 	C:\Windows\System32\winrnr.dll
0x00007ffd21c40000 - 0x00007ffd21c54000 	C:\Windows\system32\wshbth.dll
0x00007ffd25310000 - 0x00007ffd2537b000 	C:\Windows\System32\fwpuclnt.dll
0x00007ffd22490000 - 0x00007ffd2249a000 	C:\Windows\System32\rasadhlp.dll
0x0000000066f10000 - 0x0000000066f2a000 	C:\Program Files\Java\jre1.8.0_60\bin\net.dll
0x0000000066cc0000 - 0x0000000066e58000 	C:\Program Files\Java\jre1.8.0_60\bin\awt.dll
0x00007ffd2ebe0000 - 0x00007ffd2eca1000 	C:\Windows\system32\OLEAUT32.dll
0x00007ffd2aa80000 - 0x00007ffd2aba9000 	C:\Windows\system32\uxtheme.dll
0x00007ffd2a1d0000 - 0x00007ffd2a1f1000 	C:\Windows\system32\dwmapi.dll
0x00007ffd2ac00000 - 0x00007ffd2ac0b000 	C:\Windows\SYSTEM32\kernel.appcore.dll
0x00007ffd2bd20000 - 0x00007ffd2bd2b000 	C:\Windows\SYSTEM32\CRYPTBASE.dll
0x00007ffd2bcb0000 - 0x00007ffd2bd13000 	C:\Windows\SYSTEM32\bcryptPrimitives.dll
0x00000000664c0000 - 0x0000000066507000 	C:\Program Files\Java\jre1.8.0_60\bin\fontmanager.dll
0x0000000066ef0000 - 0x0000000066f01000 	C:\Program Files\Java\jre1.8.0_60\bin\nio.dll
0x0000000066470000 - 0x00000000664b2000 	C:\Program Files\Java\jre1.8.0_60\bin\t2k.dll
0x00007ffd2c340000 - 0x00007ffd2c3f6000 	C:\Windows\SYSTEM32\clbcatq.dll
0x00007ffd23d00000 - 0x00007ffd23eae000 	C:\Windows\SYSTEM32\WindowsCodecs.dll
0x00007ffd2b750000 - 0x00007ffd2b770000 	C:\Windows\SYSTEM32\CRYPTSP.dll
0x00007ffd2b300000 - 0x00007ffd2b336000 	C:\Windows\system32\rsaenh.dll
0x00007ffd2b9a0000 - 0x00007ffd2b9c6000 	C:\Windows\SYSTEM32\bcrypt.dll
0x0000000066440000 - 0x000000006646a000 	C:\Program Files\Java\jre1.8.0_60\bin\dcpr.dll
0x00007ffd269b0000 - 0x00007ffd26b39000 	C:\Windows\SYSTEM32\dbghelp.dll

VM Arguments:
jvm_args: -agentlib:jdwp=transport=dt_socket,suspend=y,address=localhost:65026 -Dfile.encoding=Cp1252 
java_command: quiz.client.Client
java_class_path (initial): C:\Users\Hoodle\git\QuizGame\QuizGame\bin;C:\Users\Hoodle\git\QuizGame\QuizGame\lib\h2-1.4.191.jar
Launcher Type: SUN_STANDARD

Environment Variables:
PATH=C:\ProgramData\Oracle\Java\javapath;C:\Program Files\Broadcom\Broadcom 802.11;;C:\Program Files (x86)\Intel\TXE Components\TCS\;C:\Program Files\Intel\TXE Components\TCS\;C:\Windows\system32;C:\Windows;C:\Windows\System32\Wbem;C:\Windows\System32\WindowsPowerShell\v1.0\;C:\Program Files\Hewlett-Packard\SimplePass\;C:\Program Files\Java\jdk1.7.0_79;C:\Program Files\TortoiseSVN\bin;C:\Program Files\Microsoft SQL Server\120\Tools\Binn\;C:\Program Files (x86)\Windows Kits\10\Windows Performance Toolkit\;C:\Program Files (x86)\Skype\Phone\
USERNAME=Hoodle
OS=Windows_NT
PROCESSOR_IDENTIFIER=Intel64 Family 6 Model 55 Stepping 8, GenuineIntel



---------------  S Y S T E M  ---------------

OS: Windows 8.1 , 64 bit Build 9600 (6.3.9600.17415)

CPU:total 4 (4 cores per cpu, 1 threads per core) family 6 model 55 stepping 8, cmov, cx8, fxsr, mmx, sse, sse2, sse3, ssse3, sse4.1, sse4.2, popcnt, clmul, erms, 3dnowpref, tsc, tscinvbit

Memory: 4k page, physical 4082720k(1581304k free), swap 5655584k(2257548k free)

vm_info: Java HotSpot(TM) 64-Bit Server VM (25.60-b23) for windows-amd64 JRE (1.8.0_60-b27), built on Aug  4 2015 11:06:27 by "java_re" with MS VC++ 10.0 (VS2010)

time: Sat Jul 02 15:18:03 2016
elapsed time: 196 seconds (0d 0h 3m 16s)

